Build started 2015/4/27 17:10:33.
     1>Project "H:\EEE102\Assignment2\Assignment2_EX2\Assignment2_EX2\Assignment2_EX2.vcxproj" on node 2 (build target(s)).
     1>InitializeBuildStatus:
         Creating "Debug\Assignment2_EX2.unsuccessfulbuild" because "AlwaysCreate" was specified.
       ClCompile:
         D:\Program Files (x86)\VC\bin\CL.exe /c /ZI /nologo /W3 /WX- /Od /Oy- /D WIN32 /D _DEBUG /D _CONSOLE /D _UNICODE /D UNICODE /Gm /EHsc /RTC1 /MDd /GS /fp:precise /Zc:wchar_t /Zc:forScope /Fo"Debug\\" /Fd"Debug\vc100.pdb" /Gd /TP /analyze- /errorReport:prompt "EXERCISE 2.cpp"
         EXERCISE 2.cpp
     1>h:\eee102\assignment2\assignment2_ex2\assignment2_ex2\exercise 2.cpp(106): warning C4715: 'Fraction::operator>' : not all control paths return a value
       ManifestResourceCompile:
         C:\Program Files (x86)\Microsoft SDKs\Windows\v7.0A\bin\rc.exe /nologo /fo"Debug\Assignment2_EX2.exe.embed.manifest.res" Debug\Assignment2_EX2_manifest.rc 
       Link:
         D:\Program Files (x86)\VC\bin\link.exe /ERRORREPORT:PROMPT /OUT:"H:\EEE102\Assignment2\Assignment2_EX2\Debug\Assignment2_EX2.exe" /INCREMENTAL /NOLOGO kernel32.lib user32.lib gdi32.lib winspool.lib comdlg32.lib advapi32.lib shell32.lib ole32.lib oleaut32.lib uuid.lib odbc32.lib odbccp32.lib /MANIFEST /ManifestFile:"Debug\Assignment2_EX2.exe.intermediate.manifest" /MANIFESTUAC:"level='asInvoker' uiAccess='false'" /DEBUG /PDB:"H:\EEE102\Assignment2\Assignment2_EX2\Debug\Assignment2_EX2.pdb" /SUBSYSTEM:CONSOLE /TLBID:1 /DYNAMICBASE /NXCOMPAT /IMPLIB:"H:\EEE102\Assignment2\Assignment2_EX2\Debug\Assignment2_EX2.lib" /MACHINE:X86 Debug\Assignment2_EX2.exe.embed.manifest.res
         "Debug\EXERCISE 2.obj"
     1>LINK : fatal error LNK1123: failure during conversion to COFF: file invalid or corrupt
     1>Done Building Project "H:\EEE102\Assignment2\Assignment2_EX2\Assignment2_EX2\Assignment2_EX2.vcxproj" (build target(s)) -- FAILED.

Build FAILED.

Time Elapsed 00:00:37.76
